

Version:	3.50
CmdLine:	D:\Projects\tictactoegui\TicTacToe.exe --l4j-debug
JNI:		No
WOW64:		Yes
Working dir:	D:\Projects\tictactoegui\.
Requires JDK:	No
Requires 64-Bit: No
Java min ver:	1.008.000
Java max ver:	
JRE paths:	tictactoegui\target\jdk1.8.0_201
Check launcher:	D:\Projects\tictactoegui\tictactoegui\target\jdk1.8.0_201\bin\javaw.exe (not found)
64-bit search:	SOFTWARE\JavaSoft\Java Runtime Environment...
32-bit search:	SOFTWARE\JavaSoft\Java Runtime Environment...
64-bit search:	SOFTWARE\JavaSoft\Java Development Kit...
32-bit search:	SOFTWARE\JavaSoft\Java Development Kit...
64-bit search:	SOFTWARE\JavaSoft\JRE...
32-bit search:	SOFTWARE\JavaSoft\JRE...
64-bit search:	SOFTWARE\JavaSoft\JDK...
Check:		SOFTWARE\JavaSoft\JDK\24.0.1
Version string: 1.024.000_001 / 64-Bit (OK)
Check launcher:	C:\Program Files\Java\jdk-24\bin\javaw.exe (OK)
Match:		1.024.000_001
Runtime used:	1.024.000_001 (64-bit)
Launcher:	C:\Program Files\Java\jdk-24\bin\javaw.exe
Launcher args:	-jar "D:\Projects\tictactoegui\TicTacToe.exe"
Args length:	45/32768 chars
Exit code:	0


Version:	3.50
CmdLine:	D:\Projects\tictactoegui\TicTacToe.exe --l4j-debug
JNI:		No
WOW64:		Yes
Working dir:	D:\Projects\tictactoegui\.
Requires JDK:	No
Requires 64-Bit: No
Java min ver:	
Java max ver:	
JRE paths:	tictactoegui\target\jdk1.8.0_201
Check launcher:	D:\Projects\tictactoegui\tictactoegui\target\jdk1.8.0_201\bin\javaw.exe (not found)
Error msg:	This application requires a Java Runtime Environment.


Version:	3.50
CmdLine:	D:\Projects\tictactoegui\TicTacToe.exe --l4j-debug
JNI:		No
WOW64:		Yes
Working dir:	D:\Projects\tictactoegui\.
Requires JDK:	No
Requires 64-Bit: No
Java min ver:	
Java max ver:	
JRE paths:	tictactoegui\target\jdk1.8.0_201
Check launcher:	D:\Projects\tictactoegui\tictactoegui\target\jdk1.8.0_201\bin\javaw.exe (not found)
Error msg:	This application requires a Java Runtime Environment.


Version:	3.50
CmdLine:	D:\Projects\tictactoegui\TicTacToe.exe --l4j-debug
JNI:		No
WOW64:		Yes
Working dir:	D:\Projects\tictactoegui\.
Requires JDK:	No
Requires 64-Bit: No
Java min ver:	
Java max ver:	
Substitute:	JAVA_HOME = 
Substitute:	PATH = C:\Program Files\Java\jdk-24\bin;C:\Program Files\Common Files\Oracle\Java\javapath;C:\Program Files\Git\cmd;C:\Program Files\dotnet\;C:\msys64\ucrt64\bin;C:\Users\Sakib Mustafa\AppData\Local\GitHubDesktop\bin;C:\Users\Sakib Mustafa\AppData\Local\Programs\Microsoft VS Code\bin;C:\Users\Sakib Mustafa\.dotnet\tools;C:\Program Files\Java\jdk-24\bin
JRE paths:	;C:\Program Files\Java\jdk-24\bin;C:\Program Files\Common Files\Oracle\Java\javapath;C:\Program Files\Git\cmd;C:\Program Files\dotnet\;C:\msys64\ucrt64\bin;C:\Users\Sakib Mustafa\AppData\Local\GitHubDesktop\bin;C:\Users\Sakib Mustafa\AppData\Local\Programs\Microsoft VS Code\bin;C:\Users\Sakib Mustafa\.dotnet\tools;C:\Program Files\Java\jdk-24\bin
Check launcher:	C:\Program Files\Java\jdk-24\bin\javaw.exe (OK)
Version string: 1.024.000_001 / 64-Bit (OK)
Launcher:	C:\Program Files\Java\jdk-24\bin\javaw.exe
Launcher args:	-jar "D:\Projects\tictactoegui\TicTacToe.exe"
Args length:	45/32768 chars
Exit code:	0


Version:	3.50
CmdLine:	D:\Projects\tictactoegui\TicTacToe.exe --l4j-debug
JNI:		No
WOW64:		Yes
Working dir:	D:\Projects\tictactoegui\.
Requires JDK:	No
Requires 64-Bit: No
Java min ver:	1.008.000
Java max ver:	
JRE paths:	jre
Check launcher:	D:\Projects\tictactoegui\jre\bin\javaw.exe (OK)
Version string: 1.008.000_201 / 64-Bit (OK)
Launcher:	D:\Projects\tictactoegui\jre\bin\javaw.exe
Launcher args:	-jar "D:\Projects\tictactoegui\TicTacToe.exe"
Args length:	45/32768 chars
Exit code:	0


Version:	3.50
CmdLine:	D:\Projects\tictactoegui\TicTacToe.exe --l4j-debug
JNI:		No
WOW64:		Yes
Working dir:	D:\Projects\tictactoegui\.
Requires JDK:	No
Requires 64-Bit: No
Java min ver:	1.008.000
Java max ver:	
JRE paths:	jre
Check launcher:	D:\Projects\tictactoegui\jre\bin\javaw.exe (OK)
Cannot get version string: cannot find quote
64-bit search:	SOFTWARE\JavaSoft\Java Runtime Environment...
32-bit search:	SOFTWARE\JavaSoft\Java Runtime Environment...
64-bit search:	SOFTWARE\JavaSoft\Java Development Kit...
32-bit search:	SOFTWARE\JavaSoft\Java Development Kit...
64-bit search:	SOFTWARE\JavaSoft\JRE...
32-bit search:	SOFTWARE\JavaSoft\JRE...
64-bit search:	SOFTWARE\JavaSoft\JDK...
Check:		SOFTWARE\JavaSoft\JDK\24.0.1
Version string: 1.024.000_001 / 64-Bit (OK)
Check launcher:	C:\Program Files\Java\jdk-24\bin\javaw.exe (OK)
Match:		1.024.000_001
Runtime used:	1.024.000_001 (64-bit)
Launcher:	C:\Program Files\Java\jdk-24\bin\javaw.exe
Launcher args:	-jar "D:\Projects\tictactoegui\TicTacToe.exe"
Args length:	45/32768 chars
Exit code:	0


Version:	3.50
CmdLine:	D:\Projects\tictactoegui\TicTacToe.exe --l4j-debug
JNI:		No
WOW64:		Yes
Working dir:	D:\Projects\tictactoegui\.
Requires JDK:	No
Requires 64-Bit: No
Java min ver:	1.008.000
Java max ver:	
JRE paths:	jre
Check launcher:	D:\Projects\tictactoegui\jre\bin\javaw.exe (OK)
Cannot get version string: cannot find quote
64-bit search:	SOFTWARE\JavaSoft\Java Runtime Environment...
32-bit search:	SOFTWARE\JavaSoft\Java Runtime Environment...
64-bit search:	SOFTWARE\JavaSoft\Java Development Kit...
32-bit search:	SOFTWARE\JavaSoft\Java Development Kit...
64-bit search:	SOFTWARE\JavaSoft\JRE...
32-bit search:	SOFTWARE\JavaSoft\JRE...
64-bit search:	SOFTWARE\JavaSoft\JDK...
Check:		SOFTWARE\JavaSoft\JDK\24.0.1
Version string: 1.024.000_001 / 64-Bit (OK)
Check launcher:	C:\Program Files\Java\jdk-24\bin\javaw.exe (OK)
Match:		1.024.000_001
Runtime used:	1.024.000_001 (64-bit)
Launcher:	C:\Program Files\Java\jdk-24\bin\javaw.exe
Launcher args:	-jar "D:\Projects\tictactoegui\TicTacToe.exe"
Args length:	45/32768 chars
Exit code:	0


Version:	3.50
CmdLine:	D:\Projects\tictactoegui\TicTacToe.exe --l4j-debug
JNI:		No
WOW64:		Yes
Working dir:	D:\Projects\tictactoegui\.
Requires JDK:	No
Requires 64-Bit: No
Java min ver:	1.020.000_000
Java max ver:	
JRE paths:	jre
Check launcher:	D:\Projects\tictactoegui\jre\bin\javaw.exe (OK)
Cannot get version string: cannot find quote
64-bit search:	SOFTWARE\JavaSoft\Java Runtime Environment...
32-bit search:	SOFTWARE\JavaSoft\Java Runtime Environment...
64-bit search:	SOFTWARE\JavaSoft\Java Development Kit...
32-bit search:	SOFTWARE\JavaSoft\Java Development Kit...
64-bit search:	SOFTWARE\JavaSoft\JRE...
32-bit search:	SOFTWARE\JavaSoft\JRE...
64-bit search:	SOFTWARE\JavaSoft\JDK...
Check:		SOFTWARE\JavaSoft\JDK\24.0.1
Version string: 1.024.000_001 / 64-Bit (OK)
Check launcher:	C:\Program Files\Java\jdk-24\bin\javaw.exe (OK)
Match:		1.024.000_001
Runtime used:	1.024.000_001 (64-bit)
Launcher:	C:\Program Files\Java\jdk-24\bin\javaw.exe
Launcher args:	-jar "D:\Projects\tictactoegui\TicTacToe.exe"
Args length:	45/32768 chars
Exit code:	0
